CRITICAL - 2023-12-11 14:03:19 --> Too few arguments to function App\Controllers\Task::newTask(), 0 passed in D:\laragon\www\code\system\CodeIgniter.php on line 942 and exactly 1 expected
in APPPATH\Controllers\Task.php on line 29.
 1 SYSTEMPATH\CodeIgniter.php(942): App\Controllers\Task->newTask()
 2 SYSTEMPATH\CodeIgniter.php(502): CodeIgniter\CodeIgniter->runController(Object(App\Controllers\Task))
 3 SYSTEMPATH\CodeIgniter.php(361): CodeIgniter\CodeIgniter->handleRequest(null, Object(Config\Cache), false)
 4 FCPATH\index.php(79): CodeIgniter\CodeIgniter->run()
 5 SYSTEMPATH\Commands\Server\rewrite.php(47): require_once('D:\\laragon\\www\\code\\public\\index.php')
CRITICAL - 2023-12-11 14:04:02 --> Class "App\Controllers\Config\Services" not found
in APPPATH\Controllers\Task.php on line 31.
 1 SYSTEMPATH\CodeIgniter.php(942): App\Controllers\Task->newTask()
 2 SYSTEMPATH\CodeIgniter.php(502): CodeIgniter\CodeIgniter->runController(Object(App\Controllers\Task))
 3 SYSTEMPATH\CodeIgniter.php(361): CodeIgniter\CodeIgniter->handleRequest(null, Object(Config\Cache), false)
 4 FCPATH\index.php(79): CodeIgniter\CodeIgniter->run()
 5 SYSTEMPATH\Commands\Server\rewrite.php(47): require_once('D:\\laragon\\www\\code\\public\\index.php')
CRITICAL - 2023-12-11 14:11:31 --> Allowed fields must be specified for model: "App\Models\Products"
in SYSTEMPATH\Model.php on line 736.
 1 SYSTEMPATH\Model.php(736): CodeIgniter\Database\Exceptions\DataException::forInvalidAllowedFields('App\\Models\\Products')
 2 SYSTEMPATH\BaseModel.php(763): CodeIgniter\Model->doProtectFieldsForInsert([...])
 3 SYSTEMPATH\Model.php(715): CodeIgniter\BaseModel->insert([...], true)
 4 APPPATH\Controllers\Task.php(36): CodeIgniter\Model->insert([...])
 5 SYSTEMPATH\CodeIgniter.php(942): App\Controllers\Task->newTask()
 6 SYSTEMPATH\CodeIgniter.php(502): CodeIgniter\CodeIgniter->runController(Object(App\Controllers\Task))
 7 SYSTEMPATH\CodeIgniter.php(361): CodeIgniter\CodeIgniter->handleRequest(null, Object(Config\Cache), false)
 8 FCPATH\index.php(79): CodeIgniter\CodeIgniter->run()
 9 SYSTEMPATH\Commands\Server\rewrite.php(47): require_once('D:\\laragon\\www\\code\\public\\index.php')
CRITICAL - 2023-12-11 14:12:34 --> Allowed fields must be specified for model: "App\Models\Products"
in SYSTEMPATH\Model.php on line 736.
 1 SYSTEMPATH\Model.php(736): CodeIgniter\Database\Exceptions\DataException::forInvalidAllowedFields('App\\Models\\Products')
 2 SYSTEMPATH\BaseModel.php(763): CodeIgniter\Model->doProtectFieldsForInsert([...])
 3 SYSTEMPATH\Model.php(715): CodeIgniter\BaseModel->insert([...], true)
 4 APPPATH\Controllers\Task.php(36): CodeIgniter\Model->insert([...])
 5 SYSTEMPATH\CodeIgniter.php(942): App\Controllers\Task->newTask()
 6 SYSTEMPATH\CodeIgniter.php(502): CodeIgniter\CodeIgniter->runController(Object(App\Controllers\Task))
 7 SYSTEMPATH\CodeIgniter.php(361): CodeIgniter\CodeIgniter->handleRequest(null, Object(Config\Cache), false)
 8 FCPATH\index.php(79): CodeIgniter\CodeIgniter->run()
 9 SYSTEMPATH\Commands\Server\rewrite.php(47): require_once('D:\\laragon\\www\\code\\public\\index.php')
